0 info it worked if it ends with ok
1 verbose cli [ '/Users/sawada/.nodebrew/node/v4.2.4/bin/node',
1 verbose cli   '/Users/sawada/.nodebrew/current/bin/npm',
1 verbose cli   'run',
1 verbose cli   'watch' ]
2 info using npm@2.14.12
3 info using node@v4.2.4
4 verbose run-script [ 'prewatch', 'watch', 'postwatch' ]
5 info prewatch zenpad.js@1.0.0
6 info watch zenpad.js@1.0.0
7 verbose unsafe-perm in lifecycle true
8 info zenpad.js@1.0.0 Failed to exec watch script
9 verbose stack Error: zenpad.js@1.0.0 watch: `watchify src/Zenpad.ts -p [tsify] -o build/zenpad.js -v -d`
9 verbose stack Exit status 1
9 verbose stack     at EventEmitter.<anonymous> (/Users/sawada/.nodebrew/node/v4.2.4/lib/node_modules/npm/lib/utils/lifecycle.js:214:16)
9 verbose stack     at emitTwo (events.js:87:13)
9 verbose stack     at EventEmitter.emit (events.js:172:7)
9 verbose stack     at ChildProcess.<anonymous> (/Users/sawada/.nodebrew/node/v4.2.4/lib/node_modules/npm/lib/utils/spawn.js:24:14)
9 verbose stack     at emitTwo (events.js:87:13)
9 verbose stack     at ChildProcess.emit (events.js:172:7)
9 verbose stack     at maybeClose (internal/child_process.js:818:16)
9 verbose stack     at Process.ChildProcess._handle.onexit (internal/child_process.js:211:5)
10 verbose pkgid zenpad.js@1.0.0
11 verbose cwd /Users/sawada/develop/zenpad.js
12 error Darwin 15.5.0
13 error argv "/Users/sawada/.nodebrew/node/v4.2.4/bin/node" "/Users/sawada/.nodebrew/current/bin/npm" "run" "watch"
14 error node v4.2.4
15 error npm  v2.14.12
16 error code ELIFECYCLE
17 error zenpad.js@1.0.0 watch: `watchify src/Zenpad.ts -p [tsify] -o build/zenpad.js -v -d`
17 error Exit status 1
18 error Failed at the zenpad.js@1.0.0 watch script 'watchify src/Zenpad.ts -p [tsify] -o build/zenpad.js -v -d'.
18 error This is most likely a problem with the zenpad.js package,
18 error not with npm itself.
18 error Tell the author that this fails on your system:
18 error     watchify src/Zenpad.ts -p [tsify] -o build/zenpad.js -v -d
18 error You can get their info via:
18 error     npm owner ls zenpad.js
18 error There is likely additional logging output above.
19 verbose exit [ 1, true ]
